# JRE version: Java(TM) SE Runtime Environment (8.0_152-b16) (build 1.8.0_152-b16)
# Java VM: Java HotSpot(TM) 64-Bit Server VM (25.152-b16 mixed mode bsd-amd64 compressed oops)
Heap:
 PSYoungGen      total 67072K, used 42893K [0x0000000795580000, 0x000000079a080000, 0x00000007c0000000)
  eden space 61952K, 60% used [0x0000000795580000,0x0000000797a63fd8,0x0000000799200000)
  from space 5120K, 99% used [0x0000000799b80000,0x000000079a07f650,0x000000079a080000)
  to   space 5120K, 0% used [0x0000000799680000,0x0000000799680000,0x0000000799b80000)
 ParOldGen       total 58880K, used 21747K [0x0000000740000000, 0x0000000743980000, 0x0000000795580000)
  object space 58880K, 36% used [0x0000000740000000,0x000000074153cf80,0x0000000743980000)
 Metaspace       used 22703K, capacity 23518K, committed 23600K, reserved 1069056K
  class space    used 3144K, capacity 3345K, committed 3376K, reserved 1048576K
GC Heap History (10 events):
Event: 2.866 GC heap before
{Heap before GC invocations=1 (full 0):
 PSYoungGen      total 38400K, used 29300K [0x0000000795580000, 0x0000000798000000, 0x00000007c0000000)
  eden space 33280K, 88% used [0x0000000795580000,0x000000079721d328,0x0000000797600000)
  from space 5120K, 0% used [0x0000000797b00000,0x0000000797b00000,0x0000000798000000)
  to   space 5120K, 0% used [0x0000000797600000,0x0000000797600000,0x0000000797b00000)
 ParOldGen       total 87552K, used 0K [0x0000000740000000, 0x0000000745580000, 0x0000000795580000)
  object space 87552K, 0% used [0x0000000740000000,0x0000000740000000,0x0000000745580000)
 Metaspace       used 12641K, capacity 13048K, committed 13184K, reserved 1060864K
  class space    used 1535K, capacity 1650K, committed 1664K, reserved 1048576K
Event: 2.871 GC heap after
Heap after GC invocations=1 (full 0):
 PSYoungGen      total 38400K, used 2723K [0x0000000795580000, 0x0000000798000000, 0x00000007c0000000)
  eden space 33280K, 0% used [0x0000000795580000,0x0000000795580000,0x0000000797600000)
  from space 5120K, 53% used [0x0000000797600000,0x00000007978a8cd0,0x0000000797b00000)
  to   space 5120K, 0% used [0x0000000797b00000,0x0000000797b00000,0x0000000798000000)
 ParOldGen       total 87552K, used 4008K [0x0000000740000000, 0x0000000745580000, 0x0000000795580000)
  object space 87552K, 4% used [0x0000000740000000,0x00000007403ea018,0x0000000745580000)
 Metaspace       used 12641K, capacity 13048K, committed 13184K, reserved 1060864K
  class space    used 1535K, capacity 1650K, committed 1664K, reserved 1048576K
}
Event: 5.836 GC heap before
{Heap before GC invocations=2 (full 0):
 PSYoungGen      total 38400K, used 36003K [0x0000000795580000, 0x0000000798000000, 0x00000007c0000000)
  eden space 33280K, 100% used [0x0000000795580000,0x0000000797600000,0x0000000797600000)
  from space 5120K, 53% used [0x0000000797600000,0x00000007978a8cd0,0x0000000797b00000)
  to   space 5120K, 0% used [0x0000000797b00000,0x0000000797b00000,0x0000000798000000)
 ParOldGen       total 87552K, used 4008K [0x0000000740000000, 0x0000000745580000, 0x0000000795580000)
  object space 87552K, 4% used [0x0000000740000000,0x00000007403ea018,0x0000000745580000)
 Metaspace       used 19813K, capacity 20480K, committed 20608K, reserved 1067008K
  class space    used 2698K, capacity 2890K, committed 2944K, reserved 1048576K
Event: 5.844 GC heap after
Heap after GC invocations=2 (full 0):
 PSYoungGen      total 38400K, used 5105K [0x0000000795580000, 0x0000000798000000, 0x00000007c0000000)
  eden space 33280K, 0% used [0x0000000795580000,0x0000000795580000,0x0000000797600000)
  from space 5120K, 99% used [0x0000000797b00000,0x0000000797ffc7a8,0x0000000798000000)
  to   space 5120K, 0% used [0x0000000797600000,0x0000000797600000,0x0000000797b00000)
 ParOldGen       total 87552K, used 11262K [0x0000000740000000, 0x0000000745580000, 0x0000000795580000)
  object space 87552K, 12% used [0x0000000740000000,0x0000000740affb80,0x0000000745580000)
 Metaspace       used 19813K, capacity 20480K, committed 20608K, reserved 1067008K
  class space    used 2698K, capacity 2890K, committed 2944K, reserved 1048576K
}
Event: 5.883 GC heap before
{Heap before GC invocations=3 (full 0):
 PSYoungGen      total 38400K, used 7362K [0x0000000795580000, 0x0000000798000000, 0x00000007c0000000)
  eden space 33280K, 6% used [0x0000000795580000,0x00000007957b4120,0x0000000797600000)
  from space 5120K, 99% used [0x0000000797b00000,0x0000000797ffc7a8,0x0000000798000000)
  to   space 5120K, 0% used [0x0000000797600000,0x0000000797600000,0x0000000797b00000)
 ParOldGen       total 87552K, used 11262K [0x0000000740000000, 0x0000000745580000, 0x0000000795580000)
  object space 87552K, 12% used [0x0000000740000000,0x0000000740affb80,0x0000000745580000)
 Metaspace       used 20580K, capacity 21238K, committed 21296K, reserved 1067008K
  class space    used 2904K, capacity 3091K, committed 3120K, reserved 1048576K
Event: 5.888 GC heap after
Heap after GC invocations=3 (full 0):
 PSYoungGen      total 38400K, used 5105K [0x0000000795580000, 0x000000079a080000, 0x00000007c0000000)
  eden space 33280K, 0% used [0x0000000795580000,0x0000000795580000,0x0000000797600000)
  from space 5120K, 99% used [0x0000000797600000,0x0000000797afc7a8,0x0000000797b00000)
  to   space 5120K, 0% used [0x0000000799b80000,0x0000000799b80000,0x000000079a080000)
 ParOldGen       total 87552K, used 11342K [0x0000000740000000, 0x0000000745580000, 0x0000000795580000)
  object space 87552K, 12% used [0x0000000740000000,0x0000000740b13b80,0x0000000745580000)
 Metaspace       used 20580K, capacity 21238K, committed 21296K, reserved 1067008K
  class space    used 2904K, capacity 3091K, committed 3120K, reserved 1048576K
}
Event: 5.888 GC heap before
{Heap before GC invocations=4 (full 1):
 PSYoungGen      total 38400K, used 5105K [0x0000000795580000, 0x000000079a080000, 0x00000007c0000000)
  eden space 33280K, 0% used [0x0000000795580000,0x0000000795580000,0x0000000797600000)
  from space 5120K, 99% used [0x0000000797600000,0x0000000797afc7a8,0x0000000797b00000)
  to   space 5120K, 0% used [0x0000000799b80000,0x0000000799b80000,0x000000079a080000)
 ParOldGen       total 87552K, used 11342K [0x0000000740000000, 0x0000000745580000, 0x0000000795580000)
  object space 87552K, 12% used [0x0000000740000000,0x0000000740b13b80,0x0000000745580000)
 Metaspace       used 20580K, capacity 21238K, committed 21296K, reserved 1067008K
  class space    used 2904K, capacity 3091K, committed 3120K, reserved 1048576K
Event: 5.915 GC heap after
Heap after GC invocations=4 (full 1):
 PSYoungGen      total 38400K, used 0K [0x0000000795580000, 0x000000079a080000, 0x00000007c0000000)
  eden space 33280K, 0% used [0x0000000795580000,0x0000000795580000,0x0000000797600000)
  from space 5120K, 0% used [0x0000000797600000,0x0000000797600000,0x0000000797b00000)
  to   space 5120K, 0% used [0x0000000799b80000,0x0000000799b80000,0x000000079a080000)
 ParOldGen       total 58880K, used 12307K [0x0000000740000000, 0x0000000743980000, 0x0000000795580000)
  object space 58880K, 20% used [0x0000000740000000,0x0000000740c04f78,0x0000000743980000)
 Metaspace       used 20580K, capacity 21238K, committed 21296K, reserved 1067008K
  class space    used 2904K, capacity 3091K, committed 3120K, reserved 1048576K
}
Event: 91.457 GC heap before
{Heap before GC invocations=5 (full 1):
 PSYoungGen      total 38400K, used 33236K [0x0000000795580000, 0x000000079a080000, 0x00000007c0000000)
  eden space 33280K, 99% used [0x0000000795580000,0x00000007975f5088,0x0000000797600000)
  from space 5120K, 0% used [0x0000000797600000,0x0000000797600000,0x0000000797b00000)
  to   space 5120K, 0% used [0x0000000799b80000,0x0000000799b80000,0x000000079a080000)
 ParOldGen       total 58880K, used 12307K [0x0000000740000000, 0x0000000743980000, 0x0000000795580000)
  object space 58880K, 20% used [0x0000000740000000,0x0000000740c04f78,0x0000000743980000)
 Metaspace       used 22696K, capacity 23518K, committed 23600K, reserved 1069056K
  class space    used 3144K, capacity 3345K, committed 3376K, reserved 1048576K
Event: 91.464 GC heap after
Heap after GC invocations=5 (full 1):
 PSYoungGen      total 67072K, used 5117K [0x0000000795580000, 0x000000079a080000, 0x00000007c0000000)
  eden space 61952K, 0% used [0x0000000795580000,0x0000000795580000,0x0000000799200000)
  from space 5120K, 99% used [0x0000000799b80000,0x000000079a07f650,0x000000079a080000)
  to   space 5120K, 0% used [0x0000000799680000,0x0000000799680000,0x0000000799b80000)
 ParOldGen       total 58880K, used 21747K [0x0000000740000000, 0x0000000743980000, 0x0000000795580000)
  object space 58880K, 36% used [0x0000000740000000,0x000000074153cf80,0x0000000743980000)
 Metaspace       used 22696K, capacity 23518K, committed 23600K, reserved 1069056K
  class space    used 3144K, capacity 3345K, committed 3376K, reserved 1048576K
}

