# JRE version: Java(TM) SE Runtime Environment (8.0_152-b16) (build 1.8.0_152-b16)
# Java VM: Java HotSpot(TM) 64-Bit Server VM (25.152-b16 mixed mode bsd-amd64 compressed oops)
Heap:
 PSYoungGen      total 38400K, used 4891K [0x0000000795580000, 0x0000000799c00000, 0x00000007c0000000)
  eden space 33280K, 14% used [0x0000000795580000,0x0000000795a46f78,0x0000000797600000)
  from space 5120K, 0% used [0x0000000797b00000,0x0000000797b00000,0x0000000798000000)
  to   space 5120K, 0% used [0x0000000797600000,0x0000000797600000,0x0000000797b00000)
 ParOldGen       total 77824K, used 23093K [0x0000000740000000, 0x0000000744c00000, 0x0000000795580000)
  object space 77824K, 29% used [0x0000000740000000,0x000000074168d7e0,0x0000000744c00000)
 Metaspace       used 22661K, capacity 23516K, committed 23600K, reserved 1069056K
  class space    used 3150K, capacity 3350K, committed 3376K, reserved 1048576K
GC Heap History (10 events):
Event: 5.350 GC heap before
{Heap before GC invocations=2 (full 0):
 PSYoungGen      total 38400K, used 34475K [0x0000000795580000, 0x0000000798000000, 0x00000007c0000000)
  eden space 33280K, 95% used [0x0000000795580000,0x0000000797479fd0,0x0000000797600000)
  from space 5120K, 53% used [0x0000000797600000,0x00000007978b0cd0,0x0000000797b00000)
  to   space 5120K, 0% used [0x0000000797b00000,0x0000000797b00000,0x0000000798000000)
 ParOldGen       total 87552K, used 4016K [0x0000000740000000, 0x0000000745580000, 0x0000000795580000)
  object space 87552K, 4% used [0x0000000740000000,0x00000007403ec018,0x0000000745580000)
 Metaspace       used 20588K, capacity 21238K, committed 21296K, reserved 1067008K
  class space    used 2897K, capacity 3091K, committed 3120K, reserved 1048576K
Event: 5.357 GC heap after
Heap after GC invocations=2 (full 0):
 PSYoungGen      total 38400K, used 5105K [0x0000000795580000, 0x0000000798000000, 0x00000007c0000000)
  eden space 33280K, 0% used [0x0000000795580000,0x0000000795580000,0x0000000797600000)
  from space 5120K, 99% used [0x0000000797b00000,0x0000000797ffc7c8,0x0000000798000000)
  to   space 5120K, 0% used [0x0000000797600000,0x0000000797600000,0x0000000797b00000)
 ParOldGen       total 87552K, used 7539K [0x0000000740000000, 0x0000000745580000, 0x0000000795580000)
  object space 87552K, 8% used [0x0000000740000000,0x000000074075cc68,0x0000000745580000)
 Metaspace       used 20588K, capacity 21238K, committed 21296K, reserved 1067008K
  class space    used 2897K, capacity 3091K, committed 3120K, reserved 1048576K
}
Event: 5.357 GC heap before
{Heap before GC invocations=3 (full 1):
 PSYoungGen      total 38400K, used 5105K [0x0000000795580000, 0x0000000798000000, 0x00000007c0000000)
  eden space 33280K, 0% used [0x0000000795580000,0x0000000795580000,0x0000000797600000)
  from space 5120K, 99% used [0x0000000797b00000,0x0000000797ffc7c8,0x0000000798000000)
  to   space 5120K, 0% used [0x0000000797600000,0x0000000797600000,0x0000000797b00000)
 ParOldGen       total 87552K, used 7539K [0x0000000740000000, 0x0000000745580000, 0x0000000795580000)
  object space 87552K, 8% used [0x0000000740000000,0x000000074075cc68,0x0000000745580000)
 Metaspace       used 20588K, capacity 21238K, committed 21296K, reserved 1067008K
  class space    used 2897K, capacity 3091K, committed 3120K, reserved 1048576K
Event: 5.385 GC heap after
Heap after GC invocations=3 (full 1):
 PSYoungGen      total 38400K, used 0K [0x0000000795580000, 0x0000000798000000, 0x00000007c0000000)
  eden space 33280K, 0% used [0x0000000795580000,0x0000000795580000,0x0000000797600000)
  from space 5120K, 0% used [0x0000000797b00000,0x0000000797b00000,0x0000000798000000)
  to   space 5120K, 0% used [0x0000000797600000,0x0000000797600000,0x0000000797b00000)
 ParOldGen       total 46080K, used 8591K [0x0000000740000000, 0x0000000742d00000, 0x0000000795580000)
  object space 46080K, 18% used [0x0000000740000000,0x0000000740863cc8,0x0000000742d00000)
 Metaspace       used 20588K, capacity 21238K, committed 21296K, reserved 1067008K
  class space    used 2897K, capacity 3091K, committed 3120K, reserved 1048576K
}
Event: 10.061 GC heap before
{Heap before GC invocations=4 (full 1):
 PSYoungGen      total 38400K, used 30098K [0x0000000795580000, 0x0000000798000000, 0x00000007c0000000)
  eden space 33280K, 90% used [0x0000000795580000,0x00000007972e48f0,0x0000000797600000)
  from space 5120K, 0% used [0x0000000797b00000,0x0000000797b00000,0x0000000798000000)
  to   space 5120K, 0% used [0x0000000797600000,0x0000000797600000,0x0000000797b00000)
 ParOldGen       total 46080K, used 8591K [0x0000000740000000, 0x0000000742d00000, 0x0000000795580000)
  object space 46080K, 18% used [0x0000000740000000,0x0000000740863cc8,0x0000000742d00000)
 Metaspace       used 22653K, capacity 23516K, committed 23600K, reserved 1069056K
  class space    used 3150K, capacity 3350K, committed 3376K, reserved 1048576K
Event: 10.067 GC heap after
Heap after GC invocations=4 (full 1):
 PSYoungGen      total 38400K, used 5088K [0x0000000795580000, 0x0000000798000000, 0x00000007c0000000)
  eden space 33280K, 0% used [0x0000000795580000,0x0000000795580000,0x0000000797600000)
  from space 5120K, 99% used [0x0000000797600000,0x0000000797af8010,0x0000000797b00000)
  to   space 5120K, 0% used [0x0000000797b00000,0x0000000797b00000,0x0000000798000000)
 ParOldGen       total 46080K, used 21077K [0x0000000740000000, 0x0000000742d00000, 0x0000000795580000)
  object space 46080K, 45% used [0x0000000740000000,0x0000000741495728,0x0000000742d00000)
 Metaspace       used 22653K, capacity 23516K, committed 23600K, reserved 1069056K
  class space    used 3150K, capacity 3350K, committed 3376K, reserved 1048576K
}
Event: 10.105 GC heap before
{Heap before GC invocations=5 (full 1):
 PSYoungGen      total 38400K, used 37572K [0x0000000795580000, 0x0000000798000000, 0x00000007c0000000)
  eden space 33280K, 97% used [0x0000000795580000,0x00000007975393e8,0x0000000797600000)
  from space 5120K, 99% used [0x0000000797600000,0x0000000797af8010,0x0000000797b00000)
  to   space 5120K, 0% used [0x0000000797b00000,0x0000000797b00000,0x0000000798000000)
 ParOldGen       total 46080K, used 21077K [0x0000000740000000, 0x0000000742d00000, 0x0000000795580000)
  object space 46080K, 45% used [0x0000000740000000,0x0000000741495728,0x0000000742d00000)
 Metaspace       used 22660K, capacity 23516K, committed 23600K, reserved 1069056K
  class space    used 3150K, capacity 3350K, committed 3376K, reserved 1048576K
Event: 10.110 GC heap after
Heap after GC invocations=5 (full 1):
 PSYoungGen      total 38400K, used 1521K [0x0000000795580000, 0x0000000799c00000, 0x00000007c0000000)
  eden space 33280K, 0% used [0x0000000795580000,0x0000000795580000,0x0000000797600000)
  from space 5120K, 29% used [0x0000000797b00000,0x0000000797c7c4c0,0x0000000798000000)
  to   space 5120K, 0% used [0x0000000797600000,0x0000000797600000,0x0000000797b00000)
 ParOldGen       total 46080K, used 34301K [0x0000000740000000, 0x0000000742d00000, 0x0000000795580000)
  object space 46080K, 74% used [0x0000000740000000,0x000000074217f760,0x0000000742d00000)
 Metaspace       used 22660K, capacity 23516K, committed 23600K, reserved 1069056K
  class space    used 3150K, capacity 3350K, committed 3376K, reserved 1048576K
}
Event: 10.110 GC heap before
{Heap before GC invocations=6 (full 2):
 PSYoungGen      total 38400K, used 1521K [0x0000000795580000, 0x0000000799c00000, 0x00000007c0000000)
  eden space 33280K, 0% used [0x0000000795580000,0x0000000795580000,0x0000000797600000)
  from space 5120K, 29% used [0x0000000797b00000,0x0000000797c7c4c0,0x0000000798000000)
  to   space 5120K, 0% used [0x0000000797600000,0x0000000797600000,0x0000000797b00000)
 ParOldGen       total 46080K, used 34301K [0x0000000740000000, 0x0000000742d00000, 0x0000000795580000)
  object space 46080K, 74% used [0x0000000740000000,0x000000074217f760,0x0000000742d00000)
 Metaspace       used 22660K, capacity 23516K, committed 23600K, reserved 1069056K
  class space    used 3150K, capacity 3350K, committed 3376K, reserved 1048576K
Event: 10.127 GC heap after
Heap after GC invocations=6 (full 2):
 PSYoungGen      total 38400K, used 0K [0x0000000795580000, 0x0000000799c00000, 0x00000007c0000000)
  eden space 33280K, 0% used [0x0000000795580000,0x0000000795580000,0x0000000797600000)
  from space 5120K, 0% used [0x0000000797b00000,0x0000000797b00000,0x0000000798000000)
  to   space 5120K, 0% used [0x0000000797600000,0x0000000797600000,0x0000000797b00000)
 ParOldGen       total 77824K, used 23093K [0x0000000740000000, 0x0000000744c00000, 0x0000000795580000)
  object space 77824K, 29% used [0x0000000740000000,0x000000074168d7e0,0x0000000744c00000)
 Metaspace       used 22660K, capacity 23516K, committed 23600K, reserved 1069056K
  class space    used 3150K, capacity 3350K, committed 3376K, reserved 1048576K
}

