# JRE version: Java(TM) SE Runtime Environment (8.0_152-b16) (build 1.8.0_152-b16)
# Java VM: Java HotSpot(TM) 64-Bit Server VM (25.152-b16 mixed mode bsd-amd64 compressed oops)
Heap:
 PSYoungGen      total 65536K, used 64428K [0x0000000795580000, 0x000000079a080000, 0x00000007c0000000)
  eden space 60416K, 98% used [0x0000000795580000,0x0000000798f71f00,0x0000000799080000)
  from space 5120K, 99% used [0x0000000799b80000,0x000000079a079458,0x000000079a080000)
  to   space 5120K, 0% used [0x0000000799680000,0x0000000799680000,0x0000000799b80000)
 ParOldGen       total 59392K, used 53808K [0x0000000740000000, 0x0000000743a00000, 0x0000000795580000)
  object space 59392K, 90% used [0x0000000740000000,0x000000074348c338,0x0000000743a00000)
 Metaspace       used 23698K, capacity 24574K, committed 24752K, reserved 1071104K
  class space    used 3197K, capacity 3445K, committed 3504K, reserved 1048576K
GC Heap History (10 events):
Event: 2.706 GC heap before
{Heap before GC invocations=1 (full 0):
 PSYoungGen      total 38400K, used 29295K [0x0000000795580000, 0x0000000798000000, 0x00000007c0000000)
  eden space 33280K, 88% used [0x0000000795580000,0x000000079721bd80,0x0000000797600000)
  from space 5120K, 0% used [0x0000000797b00000,0x0000000797b00000,0x0000000798000000)
  to   space 5120K, 0% used [0x0000000797600000,0x0000000797600000,0x0000000797b00000)
 ParOldGen       total 87552K, used 0K [0x0000000740000000, 0x0000000745580000, 0x0000000795580000)
  object space 87552K, 0% used [0x0000000740000000,0x0000000740000000,0x0000000745580000)
 Metaspace       used 12682K, capacity 13144K, committed 13312K, reserved 1060864K
  class space    used 1538K, capacity 1682K, committed 1792K, reserved 1048576K
Event: 2.711 GC heap after
Heap after GC invocations=1 (full 0):
 PSYoungGen      total 38400K, used 5096K [0x0000000795580000, 0x0000000798000000, 0x00000007c0000000)
  eden space 33280K, 0% used [0x0000000795580000,0x0000000795580000,0x0000000797600000)
  from space 5120K, 99% used [0x0000000797600000,0x0000000797afa028,0x0000000797b00000)
  to   space 5120K, 0% used [0x0000000797b00000,0x0000000797b00000,0x0000000798000000)
 ParOldGen       total 87552K, used 1602K [0x0000000740000000, 0x0000000745580000, 0x0000000795580000)
  object space 87552K, 1% used [0x0000000740000000,0x0000000740190a88,0x0000000745580000)
 Metaspace       used 12682K, capacity 13144K, committed 13312K, reserved 1060864K
  class space    used 1538K, capacity 1682K, committed 1792K, reserved 1048576K
}
Event: 4.972 GC heap before
{Heap before GC invocations=2 (full 0):
 PSYoungGen      total 38400K, used 38376K [0x0000000795580000, 0x0000000798000000, 0x00000007c0000000)
  eden space 33280K, 100% used [0x0000000795580000,0x0000000797600000,0x0000000797600000)
  from space 5120K, 99% used [0x0000000797600000,0x0000000797afa028,0x0000000797b00000)
  to   space 5120K, 0% used [0x0000000797b00000,0x0000000797b00000,0x0000000798000000)
 ParOldGen       total 87552K, used 1602K [0x0000000740000000, 0x0000000745580000, 0x0000000795580000)
  object space 87552K, 1% used [0x0000000740000000,0x0000000740190a88,0x0000000745580000)
 Metaspace       used 19794K, capacity 20440K, committed 20608K, reserved 1067008K
  class space    used 2695K, capacity 2858K, committed 2944K, reserved 1048576K
Event: 4.979 GC heap after
Heap after GC invocations=2 (full 0):
 PSYoungGen      total 38400K, used 4535K [0x0000000795580000, 0x0000000798000000, 0x00000007c0000000)
  eden space 33280K, 0% used [0x0000000795580000,0x0000000795580000,0x0000000797600000)
  from space 5120K, 88% used [0x0000000797b00000,0x0000000797f6dcb0,0x0000000798000000)
  to   space 5120K, 0% used [0x0000000797600000,0x0000000797600000,0x0000000797b00000)
 ParOldGen       total 87552K, used 8041K [0x0000000740000000, 0x0000000745580000, 0x0000000795580000)
  object space 87552K, 9% used [0x0000000740000000,0x00000007407da5f0,0x0000000745580000)
 Metaspace       used 19794K, capacity 20440K, committed 20608K, reserved 1067008K
  class space    used 2695K, capacity 2858K, committed 2944K, reserved 1048576K
}
Event: 5.018 GC heap before
{Heap before GC invocations=3 (full 0):
 PSYoungGen      total 38400K, used 6785K [0x0000000795580000, 0x0000000798000000, 0x00000007c0000000)
  eden space 33280K, 6% used [0x0000000795580000,0x00000007957b2898,0x0000000797600000)
  from space 5120K, 88% used [0x0000000797b00000,0x0000000797f6dcb0,0x0000000798000000)
  to   space 5120K, 0% used [0x0000000797600000,0x0000000797600000,0x0000000797b00000)
 ParOldGen       total 87552K, used 8041K [0x0000000740000000, 0x0000000745580000, 0x0000000795580000)
  object space 87552K, 9% used [0x0000000740000000,0x00000007407da5f0,0x0000000745580000)
 Metaspace       used 20574K, capacity 21238K, committed 21296K, reserved 1067008K
  class space    used 2906K, capacity 3091K, committed 3120K, reserved 1048576K
Event: 5.022 GC heap after
Heap after GC invocations=3 (full 0):
 PSYoungGen      total 38400K, used 4551K [0x0000000795580000, 0x000000079a080000, 0x00000007c0000000)
  eden space 33280K, 0% used [0x0000000795580000,0x0000000795580000,0x0000000797600000)
  from space 5120K, 88% used [0x0000000797600000,0x0000000797a71cc0,0x0000000797b00000)
  to   space 5120K, 0% used [0x0000000799b80000,0x0000000799b80000,0x000000079a080000)
 ParOldGen       total 87552K, used 8049K [0x0000000740000000, 0x0000000745580000, 0x0000000795580000)
  object space 87552K, 9% used [0x0000000740000000,0x00000007407dc5f0,0x0000000745580000)
 Metaspace       used 20574K, capacity 21238K, committed 21296K, reserved 1067008K
  class space    used 2906K, capacity 3091K, committed 3120K, reserved 1048576K
}
Event: 5.022 GC heap before
{Heap before GC invocations=4 (full 1):
 PSYoungGen      total 38400K, used 4551K [0x0000000795580000, 0x000000079a080000, 0x00000007c0000000)
  eden space 33280K, 0% used [0x0000000795580000,0x0000000795580000,0x0000000797600000)
  from space 5120K, 88% used [0x0000000797600000,0x0000000797a71cc0,0x0000000797b00000)
  to   space 5120K, 0% used [0x0000000799b80000,0x0000000799b80000,0x000000079a080000)
 ParOldGen       total 87552K, used 8049K [0x0000000740000000, 0x0000000745580000, 0x0000000795580000)
  object space 87552K, 9% used [0x0000000740000000,0x00000007407dc5f0,0x0000000745580000)
 Metaspace       used 20574K, capacity 21238K, committed 21296K, reserved 1067008K
  class space    used 2906K, capacity 3091K, committed 3120K, reserved 1048576K
Event: 5.052 GC heap after
Heap after GC invocations=4 (full 1):
 PSYoungGen      total 38400K, used 0K [0x0000000795580000, 0x000000079a080000, 0x00000007c0000000)
  eden space 33280K, 0% used [0x0000000795580000,0x0000000795580000,0x0000000797600000)
  from space 5120K, 0% used [0x0000000797600000,0x0000000797600000,0x0000000797b00000)
  to   space 5120K, 0% used [0x0000000799b80000,0x0000000799b80000,0x000000079a080000)
 ParOldGen       total 59392K, used 12342K [0x0000000740000000, 0x0000000743a00000, 0x0000000795580000)
  object space 59392K, 20% used [0x0000000740000000,0x0000000740c0da40,0x0000000743a00000)
 Metaspace       used 20574K, capacity 21238K, committed 21296K, reserved 1067008K
  class space    used 2906K, capacity 3091K, committed 3120K, reserved 1048576K
}
Event: 32.241 GC heap before
{Heap before GC invocations=5 (full 1):
 PSYoungGen      total 38400K, used 33280K [0x0000000795580000, 0x000000079a080000, 0x00000007c0000000)
  eden space 33280K, 100% used [0x0000000795580000,0x0000000797600000,0x0000000797600000)
  from space 5120K, 0% used [0x0000000797600000,0x0000000797600000,0x0000000797b00000)
  to   space 5120K, 0% used [0x0000000799b80000,0x0000000799b80000,0x000000079a080000)
 ParOldGen       total 59392K, used 12342K [0x0000000740000000, 0x0000000743a00000, 0x0000000795580000)
  object space 59392K, 20% used [0x0000000740000000,0x0000000740c0da58,0x0000000743a00000)
 Metaspace       used 22561K, capacity 23430K, committed 23600K, reserved 1069056K
  class space    used 3107K, capacity 3329K, committed 3376K, reserved 1048576K
Event: 32.265 GC heap after
Heap after GC invocations=5 (full 1):
 PSYoungGen      total 65536K, used 5093K [0x0000000795580000, 0x000000079a080000, 0x00000007c0000000)
  eden space 60416K, 0% used [0x0000000795580000,0x0000000795580000,0x0000000799080000)
  from space 5120K, 99% used [0x0000000799b80000,0x000000079a079458,0x000000079a080000)
  to   space 5120K, 0% used [0x0000000799680000,0x0000000799680000,0x0000000799b80000)
 ParOldGen       total 59392K, used 29808K [0x0000000740000000, 0x0000000743a00000, 0x0000000795580000)
  object space 59392K, 50% used [0x0000000740000000,0x0000000741d1c2a8,0x0000000743a00000)
 Metaspace       used 22561K, capacity 23430K, committed 23600K, reserved 1069056K
  class space    used 3107K, capacity 3329K, committed 3376K, reserved 1048576K
}

