# JRE version: Java(TM) SE Runtime Environment (8.0_152-b16) (build 1.8.0_152-b16)
# Java VM: Java HotSpot(TM) 64-Bit Server VM (25.152-b16 mixed mode bsd-amd64 compressed oops)
Heap:
 PSYoungGen      total 38400K, used 7675K [0x0000000795580000, 0x0000000799900000, 0x00000007c0000000)
  eden space 33280K, 14% used [0x0000000795580000,0x0000000795a45cb0,0x0000000797600000)
  from space 5120K, 54% used [0x0000000797b00000,0x0000000797db8f60,0x0000000798000000)
  to   space 5120K, 0% used [0x0000000797600000,0x0000000797600000,0x0000000797b00000)
 ParOldGen       total 68608K, used 35181K [0x0000000740000000, 0x0000000744300000, 0x0000000795580000)
  object space 68608K, 51% used [0x0000000740000000,0x000000074225b6c8,0x0000000744300000)
 Metaspace       used 22370K, capacity 23220K, committed 23344K, reserved 1069056K
  class space    used 3128K, capacity 3330K, committed 3376K, reserved 1048576K
GC Heap History (10 events):
Event: 5.868 GC heap before
{Heap before GC invocations=1 (full 0):
 PSYoungGen      total 38400K, used 33280K [0x0000000795580000, 0x0000000798000000, 0x00000007c0000000)
  eden space 33280K, 100% used [0x0000000795580000,0x0000000797600000,0x0000000797600000)
  from space 5120K, 0% used [0x0000000797b00000,0x0000000797b00000,0x0000000798000000)
  to   space 5120K, 0% used [0x0000000797600000,0x0000000797600000,0x0000000797b00000)
 ParOldGen       total 87552K, used 0K [0x0000000740000000, 0x0000000745580000, 0x0000000795580000)
  object space 87552K, 0% used [0x0000000740000000,0x0000000740000000,0x0000000745580000)
 Metaspace       used 12745K, capacity 13184K, committed 13440K, reserved 1060864K
  class space    used 1537K, capacity 1650K, committed 1664K, reserved 1048576K
Event: 5.872 GC heap after
Heap after GC invocations=1 (full 0):
 PSYoungGen      total 38400K, used 2798K [0x0000000795580000, 0x0000000798000000, 0x00000007c0000000)
  eden space 33280K, 0% used [0x0000000795580000,0x0000000795580000,0x0000000797600000)
  from space 5120K, 54% used [0x0000000797600000,0x00000007978bb910,0x0000000797b00000)
  to   space 5120K, 0% used [0x0000000797b00000,0x0000000797b00000,0x0000000798000000)
 ParOldGen       total 87552K, used 8K [0x0000000740000000, 0x0000000745580000, 0x0000000795580000)
  object space 87552K, 0% used [0x0000000740000000,0x0000000740002000,0x0000000745580000)
 Metaspace       used 12745K, capacity 13184K, committed 13440K, reserved 1060864K
  class space    used 1537K, capacity 1650K, committed 1664K, reserved 1048576K
}
Event: 6.553 GC heap before
{Heap before GC invocations=2 (full 0):
 PSYoungGen      total 38400K, used 33689K [0x0000000795580000, 0x0000000798000000, 0x00000007c0000000)
  eden space 33280K, 92% used [0x0000000795580000,0x00000007973aada8,0x0000000797600000)
  from space 5120K, 54% used [0x0000000797600000,0x00000007978bb910,0x0000000797b00000)
  to   space 5120K, 0% used [0x0000000797b00000,0x0000000797b00000,0x0000000798000000)
 ParOldGen       total 87552K, used 8K [0x0000000740000000, 0x0000000745580000, 0x0000000795580000)
  object space 87552K, 0% used [0x0000000740000000,0x0000000740002000,0x0000000745580000)
 Metaspace       used 20595K, capacity 21238K, committed 21296K, reserved 1067008K
  class space    used 2907K, capacity 3091K, committed 3120K, reserved 1048576K
Event: 6.562 GC heap after
Heap after GC invocations=2 (full 0):
 PSYoungGen      total 38400K, used 5105K [0x0000000795580000, 0x0000000798000000, 0x00000007c0000000)
  eden space 33280K, 0% used [0x0000000795580000,0x0000000795580000,0x0000000797600000)
  from space 5120K, 99% used [0x0000000797b00000,0x0000000797ffc7a8,0x0000000798000000)
  to   space 5120K, 0% used [0x0000000797600000,0x0000000797600000,0x0000000797b00000)
 ParOldGen       total 87552K, used 7362K [0x0000000740000000, 0x0000000745580000, 0x0000000795580000)
  object space 87552K, 8% used [0x0000000740000000,0x0000000740730b78,0x0000000745580000)
 Metaspace       used 20595K, capacity 21238K, committed 21296K, reserved 1067008K
  class space    used 2907K, capacity 3091K, committed 3120K, reserved 1048576K
}
Event: 6.562 GC heap before
{Heap before GC invocations=3 (full 1):
 PSYoungGen      total 38400K, used 5105K [0x0000000795580000, 0x0000000798000000, 0x00000007c0000000)
  eden space 33280K, 0% used [0x0000000795580000,0x0000000795580000,0x0000000797600000)
  from space 5120K, 99% used [0x0000000797b00000,0x0000000797ffc7a8,0x0000000798000000)
  to   space 5120K, 0% used [0x0000000797600000,0x0000000797600000,0x0000000797b00000)
 ParOldGen       total 87552K, used 7362K [0x0000000740000000, 0x0000000745580000, 0x0000000795580000)
  object space 87552K, 8% used [0x0000000740000000,0x0000000740730b78,0x0000000745580000)
 Metaspace       used 20595K, capacity 21238K, committed 21296K, reserved 1067008K
  class space    used 2907K, capacity 3091K, committed 3120K, reserved 1048576K
Event: 6.589 GC heap after
Heap after GC invocations=3 (full 1):
 PSYoungGen      total 38400K, used 0K [0x0000000795580000, 0x0000000798000000, 0x00000007c0000000)
  eden space 33280K, 0% used [0x0000000795580000,0x0000000795580000,0x0000000797600000)
  from space 5120K, 0% used [0x0000000797b00000,0x0000000797b00000,0x0000000798000000)
  to   space 5120K, 0% used [0x0000000797600000,0x0000000797600000,0x0000000797b00000)
 ParOldGen       total 68608K, used 12425K [0x0000000740000000, 0x0000000744300000, 0x0000000795580000)
  object space 68608K, 18% used [0x0000000740000000,0x0000000740c22648,0x0000000744300000)
 Metaspace       used 20595K, capacity 21238K, committed 21296K, reserved 1067008K
  class space    used 2907K, capacity 3091K, committed 3120K, reserved 1048576K
}
Event: 32.748 GC heap before
{Heap before GC invocations=4 (full 1):
 PSYoungGen      total 38400K, used 29531K [0x0000000795580000, 0x0000000798000000, 0x00000007c0000000)
  eden space 33280K, 88% used [0x0000000795580000,0x0000000797256fe0,0x0000000797600000)
  from space 5120K, 0% used [0x0000000797b00000,0x0000000797b00000,0x0000000798000000)
  to   space 5120K, 0% used [0x0000000797600000,0x0000000797600000,0x0000000797b00000)
 ParOldGen       total 68608K, used 12425K [0x0000000740000000, 0x0000000744300000, 0x0000000795580000)
  object space 68608K, 18% used [0x0000000740000000,0x0000000740c22648,0x0000000744300000)
 Metaspace       used 22355K, capacity 23220K, committed 23344K, reserved 1069056K
  class space    used 3128K, capacity 3330K, committed 3376K, reserved 1048576K
Event: 32.754 GC heap after
Heap after GC invocations=4 (full 1):
 PSYoungGen      total 38400K, used 5107K [0x0000000795580000, 0x0000000798000000, 0x00000007c0000000)
  eden space 33280K, 0% used [0x0000000795580000,0x0000000795580000,0x0000000797600000)
  from space 5120K, 99% used [0x0000000797600000,0x0000000797afce00,0x0000000797b00000)
  to   space 5120K, 0% used [0x0000000797b00000,0x0000000797b00000,0x0000000798000000)
 ParOldGen       total 68608K, used 24861K [0x0000000740000000, 0x0000000744300000, 0x0000000795580000)
  object space 68608K, 36% used [0x0000000740000000,0x0000000741847690,0x0000000744300000)
 Metaspace       used 22355K, capacity 23220K, committed 23344K, reserved 1069056K
  class space    used 3128K, capacity 3330K, committed 3376K, reserved 1048576K
}
Event: 32.899 GC heap before
{Heap before GC invocations=5 (full 1):
 PSYoungGen      total 38400K, used 37589K [0x0000000795580000, 0x0000000798000000, 0x00000007c0000000)
  eden space 33280K, 97% used [0x0000000795580000,0x0000000797538768,0x0000000797600000)
  from space 5120K, 99% used [0x0000000797600000,0x0000000797afce00,0x0000000797b00000)
  to   space 5120K, 0% used [0x0000000797b00000,0x0000000797b00000,0x0000000798000000)
 ParOldGen       total 68608K, used 24861K [0x0000000740000000, 0x0000000744300000, 0x0000000795580000)
  object space 68608K, 36% used [0x0000000740000000,0x0000000741847690,0x0000000744300000)
 Metaspace       used 22369K, capacity 23220K, committed 23344K, reserved 1069056K
  class space    used 3128K, capacity 3330K, committed 3376K, reserved 1048576K
Event: 32.904 GC heap after
Heap after GC invocations=5 (full 1):
 PSYoungGen      total 38400K, used 2787K [0x0000000795580000, 0x0000000799900000, 0x00000007c0000000)
  eden space 33280K, 0% used [0x0000000795580000,0x0000000795580000,0x0000000797600000)
  from space 5120K, 54% used [0x0000000797b00000,0x0000000797db8f60,0x0000000798000000)
  to   space 5120K, 0% used [0x0000000797600000,0x0000000797600000,0x0000000797b00000)
 ParOldGen       total 68608K, used 35181K [0x0000000740000000, 0x0000000744300000, 0x0000000795580000)
  object space 68608K, 51% used [0x0000000740000000,0x000000074225b6c8,0x0000000744300000)
 Metaspace       used 22369K, capacity 23220K, committed 23344K, reserved 1069056K
  class space    used 3128K, capacity 3330K, committed 3376K, reserved 1048576K
}

